<?xml version="1.0" encoding="UTF-8"?>
<coverage generated="1544405836942" clover="3.2.0">
  <project timestamp="1544405836943" name="All files">
    <metrics statements="59" coveredstatements="56" conditionals="14" coveredconditionals="13" methods="20" coveredmethods="18" elements="93" coveredelements="87" complexity="0" loc="59" ncloc="59" packages="2" files="4" classes="4">
      <package name="src">
        <metrics statements="4" coveredstatements="4" conditionals="0" coveredconditionals="0" methods="1" coveredmethods="1"/>
        <file name="App.js" path="/Users/fiji/tz_videoplayer/src/App.js">
          <metrics statements="2" coveredstatements="2" conditionals="0" coveredconditionals="0" methods="1" coveredmethods="1"/>
          <line num="13" count="2" type="stmt"/>
          <line num="16" count="1" type="stmt"/>
        </file>
        <file name="index.js" path="/Users/fiji/tz_videoplayer/src/index.js">
          <metrics statements="1" coveredstatements="1" conditionals="0" coveredconditionals="0" methods="0" coveredmethods="0"/>
          <line num="6" count="1" type="stmt"/>
        </file>
        <file name="setupTests.js" path="/Users/fiji/tz_videoplayer/src/setupTests.js">
          <metrics statements="1" coveredstatements="1" conditionals="0" coveredconditionals="0" methods="0" coveredmethods="0"/>
          <line num="4" count="3" type="stmt"/>
        </file>
      </package>
      <package name="src.videoplayer">
        <metrics statements="55" coveredstatements="52" conditionals="14" coveredconditionals="13" methods="19" coveredmethods="17"/>
        <file name="Videoplayer.js" path="/Users/fiji/tz_videoplayer/src/videoplayer/Videoplayer.js">
          <metrics statements="55" coveredstatements="52" conditionals="14" coveredconditionals="13" methods="19" coveredmethods="17"/>
          <line num="8" count="33" type="stmt"/>
          <line num="9" count="33" type="stmt"/>
          <line num="10" count="33" type="stmt"/>
          <line num="11" count="33" type="stmt"/>
          <line num="12" count="33" type="stmt"/>
          <line num="13" count="33" type="stmt"/>
          <line num="17" count="4" type="stmt"/>
          <line num="18" count="4" type="stmt"/>
          <line num="19" count="4" type="stmt"/>
          <line num="20" count="4" type="stmt"/>
          <line num="21" count="4" type="cond" truecount="2" falsecount="0"/>
          <line num="25" count="1" type="stmt"/>
          <line num="26" count="1" type="stmt"/>
          <line num="30" count="4" type="stmt"/>
          <line num="31" count="4" type="stmt"/>
          <line num="35" count="2" type="stmt"/>
          <line num="36" count="2" type="stmt"/>
          <line num="37" count="2" type="cond" truecount="2" falsecount="0"/>
          <line num="38" count="1" type="stmt"/>
          <line num="39" count="1" type="stmt"/>
          <line num="43" count="1" type="stmt"/>
          <line num="44" count="1" type="stmt"/>
          <line num="51" count="1" type="stmt"/>
          <line num="52" count="1" type="stmt"/>
          <line num="53" count="1" type="stmt"/>
          <line num="54" count="1" type="stmt"/>
          <line num="55" count="0" type="stmt"/>
          <line num="61" count="1" type="stmt"/>
          <line num="62" count="1" type="stmt"/>
          <line num="63" count="1" type="stmt"/>
          <line num="64" count="1" type="stmt"/>
          <line num="65" count="0" type="stmt"/>
          <line num="71" count="2" type="cond" truecount="2" falsecount="0"/>
          <line num="72" count="1" type="stmt"/>
          <line num="74" count="1" type="stmt"/>
          <line num="79" count="2" type="cond" truecount="2" falsecount="0"/>
          <line num="80" count="1" type="stmt"/>
          <line num="82" count="1" type="stmt"/>
          <line num="87" count="4" type="stmt"/>
          <line num="88" count="4" type="stmt"/>
          <line num="92" count="4" type="cond" truecount="1" falsecount="1"/>
          <line num="93" count="4" type="stmt"/>
          <line num="95" count="0" type="stmt"/>
          <line num="98" count="4" type="cond" truecount="2" falsecount="0"/>
          <line num="99" count="2" type="stmt"/>
          <line num="101" count="2" type="stmt"/>
          <line num="104" count="4" type="stmt"/>
          <line num="113" count="44" type="stmt"/>
          <line num="115" count="44" type="stmt"/>
          <line num="122" count="3" type="stmt"/>
          <line num="123" count="1" type="stmt"/>
          <line num="131" count="3" type="stmt"/>
          <line num="147" count="3" type="stmt"/>
          <line num="152" count="2" type="stmt"/>
          <line num="159" count="2" type="stmt"/>
        </file>
      </package>
    </metrics>
  </project>
</coverage>
