<?xml version="1.0" encoding="UTF-8"?>
<coverage generated="1544396153879" clover="3.2.0">
  <project timestamp="1544396153880" name="All files">
    <metrics statements="69" coveredstatements="35" conditionals="18" coveredconditionals="6" methods="20" coveredmethods="12" elements="107" coveredelements="53" complexity="0" loc="69" ncloc="69" packages="2" files="4" classes="4">
      <package name="src">
        <metrics statements="4" coveredstatements="4" conditionals="0" coveredconditionals="0" methods="1" coveredmethods="1"/>
        <file name="App.js" path="/Users/fiji/tz_videoplayer/src/App.js">
          <metrics statements="2" coveredstatements="2" conditionals="0" coveredconditionals="0" methods="1" coveredmethods="1"/>
          <line num="13" count="2" type="stmt"/>
          <line num="16" count="1" type="stmt"/>
        </file>
        <file name="index.js" path="/Users/fiji/tz_videoplayer/src/index.js">
          <metrics statements="1" coveredstatements="1" conditionals="0" coveredconditionals="0" methods="0" coveredmethods="0"/>
          <line num="6" count="1" type="stmt"/>
        </file>
        <file name="setupTests.js" path="/Users/fiji/tz_videoplayer/src/setupTests.js">
          <metrics statements="1" coveredstatements="1" conditionals="0" coveredconditionals="0" methods="0" coveredmethods="0"/>
          <line num="4" count="3" type="stmt"/>
        </file>
      </package>
      <package name="src.videoplayer">
        <metrics statements="65" coveredstatements="31" conditionals="18" coveredconditionals="6" methods="19" coveredmethods="11"/>
        <file name="Videoplayer.js" path="/Users/fiji/tz_videoplayer/src/videoplayer/Videoplayer.js">
          <metrics statements="65" coveredstatements="31" conditionals="18" coveredconditionals="6" methods="19" coveredmethods="11"/>
          <line num="8" count="20" type="stmt"/>
          <line num="9" count="20" type="stmt"/>
          <line num="10" count="20" type="stmt"/>
          <line num="11" count="20" type="stmt"/>
          <line num="12" count="20" type="stmt"/>
          <line num="13" count="20" type="stmt"/>
          <line num="14" count="20" type="stmt"/>
          <line num="15" count="20" type="stmt"/>
          <line num="16" count="20" type="stmt"/>
          <line num="20" count="4" type="stmt"/>
          <line num="21" count="4" type="stmt"/>
          <line num="22" count="4" type="stmt"/>
          <line num="23" count="4" type="stmt"/>
          <line num="24" count="4" type="cond" truecount="2" falsecount="0"/>
          <line num="28" count="0" type="stmt"/>
          <line num="29" count="0" type="stmt"/>
          <line num="33" count="1" type="stmt"/>
          <line num="34" count="1" type="stmt"/>
          <line num="38" count="3" type="stmt"/>
          <line num="39" count="3" type="stmt"/>
          <line num="40" count="3" type="cond" truecount="2" falsecount="0"/>
          <line num="41" count="1" type="stmt"/>
          <line num="42" count="1" type="stmt"/>
          <line num="46" count="2" type="stmt"/>
          <line num="47" count="2" type="stmt"/>
          <line num="54" count="0" type="stmt"/>
          <line num="55" count="0" type="cond" truecount="0" falsecount="2"/>
          <line num="56" count="0" type="stmt"/>
          <line num="57" count="0" type="stmt"/>
          <line num="58" count="0" type="stmt"/>
          <line num="60" count="0" type="stmt"/>
          <line num="61" count="0" type="stmt"/>
          <line num="62" count="0" type="stmt"/>
          <line num="69" count="0" type="stmt"/>
          <line num="70" count="0" type="stmt"/>
          <line num="71" count="0" type="cond" truecount="0" falsecount="2"/>
          <line num="72" count="0" type="stmt"/>
          <line num="73" count="0" type="stmt"/>
          <line num="74" count="0" type="stmt"/>
          <line num="76" count="0" type="stmt"/>
          <line num="77" count="0" type="stmt"/>
          <line num="78" count="0" type="stmt"/>
          <line num="85" count="0" type="cond" truecount="0" falsecount="2"/>
          <line num="86" count="0" type="stmt"/>
          <line num="88" count="0" type="stmt"/>
          <line num="93" count="0" type="cond" truecount="0" falsecount="2"/>
          <line num="94" count="0" type="stmt"/>
          <line num="96" count="0" type="stmt"/>
          <line num="101" count="0" type="stmt"/>
          <line num="102" count="0" type="stmt"/>
          <line num="106" count="0" type="cond" truecount="0" falsecount="2"/>
          <line num="107" count="0" type="stmt"/>
          <line num="109" count="0" type="stmt"/>
          <line num="112" count="0" type="cond" truecount="0" falsecount="2"/>
          <line num="113" count="0" type="stmt"/>
          <line num="115" count="0" type="stmt"/>
          <line num="118" count="0" type="stmt"/>
          <line num="127" count="24" type="stmt"/>
          <line num="129" count="24" type="stmt"/>
          <line num="136" count="1" type="stmt"/>
          <line num="137" count="1" type="stmt"/>
          <line num="145" count="2" type="stmt"/>
          <line num="161" count="3" type="stmt"/>
          <line num="166" count="1" type="stmt"/>
          <line num="173" count="1" type="stmt"/>
        </file>
      </package>
    </metrics>
  </project>
</coverage>
