{"/Users/fiji/tz_videoplayer/src/App.js": {"path":"/Users/fiji/tz_videoplayer/src/App.js","statementMap":{"0":{"start":{"line":13,"column":0},"end":{"line":13,"column":68}},"1":{"start":{"line":16,"column":4},"end":{"line":20,"column":6}}},"fnMap":{"0":{"name":"(anonymous_0)","decl":{"start":{"line":15,"column":2},"end":{"line":15,"column":3}},"loc":{"start":{"line":15,"column":11},"end":{"line":21,"column":3}},"line":15}},"branchMap":{},"s":{"0":2,"1":1},"f":{"0":1},"b":{},"_coverageSchema":"332fd63041d2c1bcb487cc26dd0d5f7d97098a6c","hash":"39bd847592fd936082a8b3c5bbbc4196941c1b84"}
,"/Users/fiji/tz_videoplayer/src/index.js": {"path":"/Users/fiji/tz_videoplayer/src/index.js","statementMap":{"0":{"start":{"line":6,"column":0},"end":{"line":6,"column":58}}},"fnMap":{},"branchMap":{},"s":{"0":1},"f":{},"b":{},"_coverageSchema":"332fd63041d2c1bcb487cc26dd0d5f7d97098a6c","hash":"6d053c7e8663c88bc46ef4e040744dc3531a2933"}
,"/Users/fiji/tz_videoplayer/src/setupTests.js": {"path":"/Users/fiji/tz_videoplayer/src/setupTests.js","statementMap":{"0":{"start":{"line":4,"column":0},"end":{"line":4,"column":38}}},"fnMap":{},"branchMap":{},"s":{"0":3},"f":{},"b":{},"_coverageSchema":"332fd63041d2c1bcb487cc26dd0d5f7d97098a6c","hash":"7edfaa605b8836984f6b4e30654265b8afd59cd5"}
,"/Users/fiji/tz_videoplayer/src/videoplayer/Videoplayer.js": {"path":"/Users/fiji/tz_videoplayer/src/videoplayer/Videoplayer.js","statementMap":{"0":{"start":{"line":8,"column":4},"end":{"line":8,"column":17}},"1":{"start":{"line":9,"column":4},"end":{"line":9,"column":78}},"2":{"start":{"line":10,"column":4},"end":{"line":10,"column":35}},"3":{"start":{"line":11,"column":4},"end":{"line":11,"column":42}},"4":{"start":{"line":12,"column":4},"end":{"line":12,"column":33}},"5":{"start":{"line":13,"column":4},"end":{"line":13,"column":33}},"6":{"start":{"line":17,"column":4},"end":{"line":17,"column":17}},"7":{"start":{"line":18,"column":4},"end":{"line":18,"column":39}},"8":{"start":{"line":19,"column":4},"end":{"line":19,"column":36}},"9":{"start":{"line":20,"column":4},"end":{"line":20,"column":36}},"10":{"start":{"line":21,"column":4},"end":{"line":21,"column":39}},"11":{"start":{"line":25,"column":4},"end":{"line":25,"column":37}},"12":{"start":{"line":26,"column":4},"end":{"line":26,"column":37}},"13":{"start":{"line":30,"column":4},"end":{"line":30,"column":36}},"14":{"start":{"line":31,"column":4},"end":{"line":31,"column":38}},"15":{"start":{"line":35,"column":4},"end":{"line":35,"column":36}},"16":{"start":{"line":36,"column":4},"end":{"line":36,"column":36}},"17":{"start":{"line":37,"column":4},"end":{"line":47,"column":5}},"18":{"start":{"line":38,"column":6},"end":{"line":38,"column":32}},"19":{"start":{"line":39,"column":6},"end":{"line":41,"column":9}},"20":{"start":{"line":43,"column":6},"end":{"line":43,"column":33}},"21":{"start":{"line":44,"column":6},"end":{"line":46,"column":9}},"22":{"start":{"line":51,"column":4},"end":{"line":51,"column":36}},"23":{"start":{"line":52,"column":4},"end":{"line":52,"column":36}},"24":{"start":{"line":53,"column":4},"end":{"line":53,"column":17}},"25":{"start":{"line":54,"column":4},"end":{"line":57,"column":6}},"26":{"start":{"line":55,"column":12},"end":{"line":55,"column":49}},"27":{"start":{"line":61,"column":4},"end":{"line":61,"column":36}},"28":{"start":{"line":62,"column":4},"end":{"line":62,"column":36}},"29":{"start":{"line":63,"column":4},"end":{"line":63,"column":17}},"30":{"start":{"line":64,"column":4},"end":{"line":67,"column":6}},"31":{"start":{"line":65,"column":12},"end":{"line":65,"column":48}},"32":{"start":{"line":71,"column":4},"end":{"line":75,"column":5}},"33":{"start":{"line":72,"column":6},"end":{"line":72,"column":23}},"34":{"start":{"line":74,"column":6},"end":{"line":74,"column":29}},"35":{"start":{"line":79,"column":4},"end":{"line":83,"column":5}},"36":{"start":{"line":80,"column":6},"end":{"line":80,"column":23}},"37":{"start":{"line":82,"column":6},"end":{"line":82,"column":29}},"38":{"start":{"line":87,"column":18},"end":{"line":87,"column":65}},"39":{"start":{"line":88,"column":18},"end":{"line":88,"column":75}},"40":{"start":{"line":92,"column":4},"end":{"line":96,"column":5}},"41":{"start":{"line":93,"column":6},"end":{"line":93,"column":34}},"42":{"start":{"line":95,"column":6},"end":{"line":95,"column":28}},"43":{"start":{"line":98,"column":4},"end":{"line":102,"column":5}},"44":{"start":{"line":99,"column":6},"end":{"line":99,"column":34}},"45":{"start":{"line":101,"column":6},"end":{"line":101,"column":28}},"46":{"start":{"line":104,"column":4},"end":{"line":109,"column":7}},"47":{"start":{"line":113,"column":26},"end":{"line":113,"column":72}},"48":{"start":{"line":115,"column":4},"end":{"line":170,"column":6}},"49":{"start":{"line":122,"column":32},"end":{"line":122,"column":46}},"50":{"start":{"line":123,"column":27},"end":{"line":123,"column":43}},"51":{"start":{"line":131,"column":27},"end":{"line":131,"column":48}},"52":{"start":{"line":147,"column":59},"end":{"line":147,"column":76}},"53":{"start":{"line":152,"column":27},"end":{"line":152,"column":47}},"54":{"start":{"line":159,"column":27},"end":{"line":159,"column":46}}},"fnMap":{"0":{"name":"(anonymous_0)","decl":{"start":{"line":7,"column":2},"end":{"line":7,"column":3}},"loc":{"start":{"line":7,"column":21},"end":{"line":14,"column":3}},"line":7},"1":{"name":"(anonymous_1)","decl":{"start":{"line":16,"column":2},"end":{"line":16,"column":3}},"loc":{"start":{"line":16,"column":15},"end":{"line":22,"column":3}},"line":16},"2":{"name":"(anonymous_2)","decl":{"start":{"line":24,"column":2},"end":{"line":24,"column":3}},"loc":{"start":{"line":24,"column":9},"end":{"line":27,"column":3}},"line":24},"3":{"name":"(anonymous_3)","decl":{"start":{"line":29,"column":2},"end":{"line":29,"column":3}},"loc":{"start":{"line":29,"column":10},"end":{"line":32,"column":3}},"line":29},"4":{"name":"(anonymous_4)","decl":{"start":{"line":34,"column":2},"end":{"line":34,"column":3}},"loc":{"start":{"line":34,"column":19},"end":{"line":48,"column":3}},"line":34},"5":{"name":"(anonymous_5)","decl":{"start":{"line":50,"column":2},"end":{"line":50,"column":3}},"loc":{"start":{"line":50,"column":18},"end":{"line":58,"column":3}},"line":50},"6":{"name":"(anonymous_6)","decl":{"start":{"line":55,"column":6},"end":{"line":55,"column":7}},"loc":{"start":{"line":55,"column":12},"end":{"line":55,"column":49}},"line":55},"7":{"name":"(anonymous_7)","decl":{"start":{"line":60,"column":2},"end":{"line":60,"column":3}},"loc":{"start":{"line":60,"column":17},"end":{"line":68,"column":3}},"line":60},"8":{"name":"(anonymous_8)","decl":{"start":{"line":65,"column":6},"end":{"line":65,"column":7}},"loc":{"start":{"line":65,"column":12},"end":{"line":65,"column":48}},"line":65},"9":{"name":"(anonymous_9)","decl":{"start":{"line":70,"column":2},"end":{"line":70,"column":3}},"loc":{"start":{"line":70,"column":22},"end":{"line":76,"column":3}},"line":70},"10":{"name":"(anonymous_10)","decl":{"start":{"line":78,"column":2},"end":{"line":78,"column":3}},"loc":{"start":{"line":78,"column":21},"end":{"line":84,"column":3}},"line":78},"11":{"name":"(anonymous_11)","decl":{"start":{"line":86,"column":2},"end":{"line":86,"column":3}},"loc":{"start":{"line":86,"column":12},"end":{"line":110,"column":3}},"line":86},"12":{"name":"(anonymous_12)","decl":{"start":{"line":112,"column":2},"end":{"line":112,"column":3}},"loc":{"start":{"line":112,"column":11},"end":{"line":171,"column":3}},"line":112},"13":{"name":"(anonymous_13)","decl":{"start":{"line":122,"column":26},"end":{"line":122,"column":27}},"loc":{"start":{"line":122,"column":32},"end":{"line":122,"column":46}},"line":122},"14":{"name":"(anonymous_14)","decl":{"start":{"line":123,"column":21},"end":{"line":123,"column":22}},"loc":{"start":{"line":123,"column":27},"end":{"line":123,"column":43}},"line":123},"15":{"name":"(anonymous_15)","decl":{"start":{"line":131,"column":21},"end":{"line":131,"column":22}},"loc":{"start":{"line":131,"column":27},"end":{"line":131,"column":48}},"line":131},"16":{"name":"(anonymous_16)","decl":{"start":{"line":147,"column":54},"end":{"line":147,"column":55}},"loc":{"start":{"line":147,"column":59},"end":{"line":147,"column":76}},"line":147},"17":{"name":"(anonymous_17)","decl":{"start":{"line":152,"column":21},"end":{"line":152,"column":22}},"loc":{"start":{"line":152,"column":27},"end":{"line":152,"column":47}},"line":152},"18":{"name":"(anonymous_18)","decl":{"start":{"line":159,"column":21},"end":{"line":159,"column":22}},"loc":{"start":{"line":159,"column":27},"end":{"line":159,"column":46}},"line":159}},"branchMap":{"0":{"loc":{"start":{"line":21,"column":11},"end":{"line":21,"column":38}},"type":"cond-expr","locations":[{"start":{"line":21,"column":15},"end":{"line":21,"column":34}},{"start":{"line":21,"column":37},"end":{"line":21,"column":38}}],"line":21},"1":{"loc":{"start":{"line":37,"column":4},"end":{"line":47,"column":5}},"type":"if","locations":[{"start":{"line":37,"column":4},"end":{"line":47,"column":5}},{"start":{"line":37,"column":4},"end":{"line":47,"column":5}}],"line":37},"2":{"loc":{"start":{"line":71,"column":4},"end":{"line":75,"column":5}},"type":"if","locations":[{"start":{"line":71,"column":4},"end":{"line":75,"column":5}},{"start":{"line":71,"column":4},"end":{"line":75,"column":5}}],"line":71},"3":{"loc":{"start":{"line":79,"column":4},"end":{"line":83,"column":5}},"type":"if","locations":[{"start":{"line":79,"column":4},"end":{"line":83,"column":5}},{"start":{"line":79,"column":4},"end":{"line":83,"column":5}}],"line":79},"4":{"loc":{"start":{"line":92,"column":4},"end":{"line":96,"column":5}},"type":"if","locations":[{"start":{"line":92,"column":4},"end":{"line":96,"column":5}},{"start":{"line":92,"column":4},"end":{"line":96,"column":5}}],"line":92},"5":{"loc":{"start":{"line":98,"column":4},"end":{"line":102,"column":5}},"type":"if","locations":[{"start":{"line":98,"column":4},"end":{"line":102,"column":5}},{"start":{"line":98,"column":4},"end":{"line":102,"column":5}}],"line":98},"6":{"loc":{"start":{"line":133,"column":13},"end":{"line":145,"column":13}},"type":"cond-expr","locations":[{"start":{"line":134,"column":14},"end":{"line":138,"column":16}},{"start":{"line":140,"column":14},"end":{"line":144,"column":16}}],"line":133}},"s":{"0":33,"1":33,"2":33,"3":33,"4":33,"5":33,"6":4,"7":4,"8":4,"9":4,"10":4,"11":1,"12":1,"13":4,"14":4,"15":2,"16":2,"17":2,"18":1,"19":1,"20":1,"21":1,"22":1,"23":1,"24":1,"25":1,"26":0,"27":1,"28":1,"29":1,"30":1,"31":0,"32":2,"33":1,"34":1,"35":2,"36":1,"37":1,"38":4,"39":4,"40":4,"41":4,"42":0,"43":4,"44":2,"45":2,"46":4,"47":44,"48":44,"49":3,"50":1,"51":3,"52":3,"53":2,"54":2},"f":{"0":33,"1":4,"2":1,"3":4,"4":2,"5":1,"6":0,"7":1,"8":0,"9":2,"10":2,"11":4,"12":44,"13":3,"14":1,"15":3,"16":3,"17":2,"18":2},"b":{"0":[3,1],"1":[1,1],"2":[1,1],"3":[1,1],"4":[4,0],"5":[2,2],"6":[5,39]},"_coverageSchema":"332fd63041d2c1bcb487cc26dd0d5f7d97098a6c","hash":"c60ee885bd6e37b9c5d7df798ebe54bd200001a9"}
}
