{"/Users/fiji/tz_videoplayer/src/App.js": {"path":"/Users/fiji/tz_videoplayer/src/App.js","statementMap":{"0":{"start":{"line":13,"column":0},"end":{"line":13,"column":68}},"1":{"start":{"line":16,"column":4},"end":{"line":20,"column":6}}},"fnMap":{"0":{"name":"(anonymous_0)","decl":{"start":{"line":15,"column":2},"end":{"line":15,"column":3}},"loc":{"start":{"line":15,"column":11},"end":{"line":21,"column":3}},"line":15}},"branchMap":{},"s":{"0":2,"1":1},"f":{"0":1},"b":{},"_coverageSchema":"332fd63041d2c1bcb487cc26dd0d5f7d97098a6c","hash":"39bd847592fd936082a8b3c5bbbc4196941c1b84"}
,"/Users/fiji/tz_videoplayer/src/index.js": {"path":"/Users/fiji/tz_videoplayer/src/index.js","statementMap":{"0":{"start":{"line":6,"column":0},"end":{"line":6,"column":58}}},"fnMap":{},"branchMap":{},"s":{"0":1},"f":{},"b":{},"_coverageSchema":"332fd63041d2c1bcb487cc26dd0d5f7d97098a6c","hash":"6d053c7e8663c88bc46ef4e040744dc3531a2933"}
,"/Users/fiji/tz_videoplayer/src/setupTests.js": {"path":"/Users/fiji/tz_videoplayer/src/setupTests.js","statementMap":{"0":{"start":{"line":4,"column":0},"end":{"line":4,"column":38}}},"fnMap":{},"branchMap":{},"s":{"0":3},"f":{},"b":{},"_coverageSchema":"332fd63041d2c1bcb487cc26dd0d5f7d97098a6c","hash":"7edfaa605b8836984f6b4e30654265b8afd59cd5"}
,"/Users/fiji/tz_videoplayer/src/videoplayer/Videoplayer.js": {"path":"/Users/fiji/tz_videoplayer/src/videoplayer/Videoplayer.js","statementMap":{"0":{"start":{"line":8,"column":4},"end":{"line":8,"column":17}},"1":{"start":{"line":9,"column":4},"end":{"line":9,"column":34}},"2":{"start":{"line":10,"column":4},"end":{"line":10,"column":64}},"3":{"start":{"line":11,"column":4},"end":{"line":11,"column":35}},"4":{"start":{"line":12,"column":4},"end":{"line":12,"column":33}},"5":{"start":{"line":13,"column":4},"end":{"line":13,"column":33}},"6":{"start":{"line":14,"column":4},"end":{"line":14,"column":42}},"7":{"start":{"line":15,"column":4},"end":{"line":15,"column":33}},"8":{"start":{"line":16,"column":4},"end":{"line":16,"column":33}},"9":{"start":{"line":20,"column":4},"end":{"line":20,"column":17}},"10":{"start":{"line":21,"column":4},"end":{"line":21,"column":39}},"11":{"start":{"line":22,"column":4},"end":{"line":22,"column":36}},"12":{"start":{"line":23,"column":4},"end":{"line":23,"column":36}},"13":{"start":{"line":24,"column":4},"end":{"line":24,"column":39}},"14":{"start":{"line":28,"column":4},"end":{"line":28,"column":37}},"15":{"start":{"line":29,"column":4},"end":{"line":29,"column":37}},"16":{"start":{"line":33,"column":4},"end":{"line":33,"column":36}},"17":{"start":{"line":34,"column":4},"end":{"line":34,"column":38}},"18":{"start":{"line":38,"column":4},"end":{"line":38,"column":36}},"19":{"start":{"line":39,"column":4},"end":{"line":39,"column":36}},"20":{"start":{"line":40,"column":4},"end":{"line":50,"column":5}},"21":{"start":{"line":41,"column":6},"end":{"line":41,"column":32}},"22":{"start":{"line":42,"column":6},"end":{"line":44,"column":9}},"23":{"start":{"line":46,"column":6},"end":{"line":46,"column":33}},"24":{"start":{"line":47,"column":6},"end":{"line":49,"column":9}},"25":{"start":{"line":54,"column":4},"end":{"line":54,"column":36}},"26":{"start":{"line":55,"column":4},"end":{"line":65,"column":5}},"27":{"start":{"line":56,"column":6},"end":{"line":56,"column":50}},"28":{"start":{"line":57,"column":6},"end":{"line":57,"column":38}},"29":{"start":{"line":58,"column":6},"end":{"line":58,"column":18}},"30":{"start":{"line":60,"column":6},"end":{"line":60,"column":19}},"31":{"start":{"line":61,"column":6},"end":{"line":64,"column":8}},"32":{"start":{"line":62,"column":14},"end":{"line":62,"column":51}},"33":{"start":{"line":69,"column":4},"end":{"line":69,"column":36}},"34":{"start":{"line":70,"column":4},"end":{"line":70,"column":48}},"35":{"start":{"line":71,"column":4},"end":{"line":81,"column":5}},"36":{"start":{"line":72,"column":6},"end":{"line":72,"column":50}},"37":{"start":{"line":73,"column":6},"end":{"line":73,"column":38}},"38":{"start":{"line":74,"column":6},"end":{"line":74,"column":18}},"39":{"start":{"line":76,"column":6},"end":{"line":76,"column":19}},"40":{"start":{"line":77,"column":6},"end":{"line":80,"column":8}},"41":{"start":{"line":78,"column":14},"end":{"line":78,"column":50}},"42":{"start":{"line":85,"column":4},"end":{"line":89,"column":5}},"43":{"start":{"line":86,"column":6},"end":{"line":86,"column":23}},"44":{"start":{"line":88,"column":6},"end":{"line":88,"column":29}},"45":{"start":{"line":93,"column":4},"end":{"line":97,"column":5}},"46":{"start":{"line":94,"column":6},"end":{"line":94,"column":23}},"47":{"start":{"line":96,"column":6},"end":{"line":96,"column":29}},"48":{"start":{"line":101,"column":18},"end":{"line":101,"column":65}},"49":{"start":{"line":102,"column":18},"end":{"line":102,"column":75}},"50":{"start":{"line":106,"column":4},"end":{"line":110,"column":5}},"51":{"start":{"line":107,"column":6},"end":{"line":107,"column":34}},"52":{"start":{"line":109,"column":6},"end":{"line":109,"column":28}},"53":{"start":{"line":112,"column":4},"end":{"line":116,"column":5}},"54":{"start":{"line":113,"column":6},"end":{"line":113,"column":34}},"55":{"start":{"line":115,"column":6},"end":{"line":115,"column":28}},"56":{"start":{"line":118,"column":4},"end":{"line":123,"column":7}},"57":{"start":{"line":127,"column":26},"end":{"line":127,"column":72}},"58":{"start":{"line":129,"column":4},"end":{"line":184,"column":6}},"59":{"start":{"line":136,"column":32},"end":{"line":136,"column":46}},"60":{"start":{"line":137,"column":27},"end":{"line":137,"column":43}},"61":{"start":{"line":145,"column":27},"end":{"line":145,"column":48}},"62":{"start":{"line":161,"column":59},"end":{"line":161,"column":76}},"63":{"start":{"line":166,"column":27},"end":{"line":166,"column":47}},"64":{"start":{"line":173,"column":27},"end":{"line":173,"column":46}}},"fnMap":{"0":{"name":"(anonymous_0)","decl":{"start":{"line":7,"column":2},"end":{"line":7,"column":3}},"loc":{"start":{"line":7,"column":21},"end":{"line":17,"column":3}},"line":7},"1":{"name":"(anonymous_1)","decl":{"start":{"line":19,"column":2},"end":{"line":19,"column":3}},"loc":{"start":{"line":19,"column":15},"end":{"line":25,"column":3}},"line":19},"2":{"name":"(anonymous_2)","decl":{"start":{"line":27,"column":2},"end":{"line":27,"column":3}},"loc":{"start":{"line":27,"column":9},"end":{"line":30,"column":3}},"line":27},"3":{"name":"(anonymous_3)","decl":{"start":{"line":32,"column":2},"end":{"line":32,"column":3}},"loc":{"start":{"line":32,"column":10},"end":{"line":35,"column":3}},"line":32},"4":{"name":"(anonymous_4)","decl":{"start":{"line":37,"column":2},"end":{"line":37,"column":3}},"loc":{"start":{"line":37,"column":19},"end":{"line":51,"column":3}},"line":37},"5":{"name":"(anonymous_5)","decl":{"start":{"line":53,"column":2},"end":{"line":53,"column":3}},"loc":{"start":{"line":53,"column":18},"end":{"line":66,"column":3}},"line":53},"6":{"name":"(anonymous_6)","decl":{"start":{"line":62,"column":8},"end":{"line":62,"column":9}},"loc":{"start":{"line":62,"column":14},"end":{"line":62,"column":51}},"line":62},"7":{"name":"(anonymous_7)","decl":{"start":{"line":68,"column":2},"end":{"line":68,"column":3}},"loc":{"start":{"line":68,"column":22},"end":{"line":82,"column":3}},"line":68},"8":{"name":"(anonymous_8)","decl":{"start":{"line":78,"column":8},"end":{"line":78,"column":9}},"loc":{"start":{"line":78,"column":14},"end":{"line":78,"column":50}},"line":78},"9":{"name":"(anonymous_9)","decl":{"start":{"line":84,"column":2},"end":{"line":84,"column":3}},"loc":{"start":{"line":84,"column":22},"end":{"line":90,"column":3}},"line":84},"10":{"name":"(anonymous_10)","decl":{"start":{"line":92,"column":2},"end":{"line":92,"column":3}},"loc":{"start":{"line":92,"column":21},"end":{"line":98,"column":3}},"line":92},"11":{"name":"(anonymous_11)","decl":{"start":{"line":100,"column":2},"end":{"line":100,"column":3}},"loc":{"start":{"line":100,"column":12},"end":{"line":124,"column":3}},"line":100},"12":{"name":"(anonymous_12)","decl":{"start":{"line":126,"column":2},"end":{"line":126,"column":3}},"loc":{"start":{"line":126,"column":11},"end":{"line":185,"column":3}},"line":126},"13":{"name":"(anonymous_13)","decl":{"start":{"line":136,"column":26},"end":{"line":136,"column":27}},"loc":{"start":{"line":136,"column":32},"end":{"line":136,"column":46}},"line":136},"14":{"name":"(anonymous_14)","decl":{"start":{"line":137,"column":21},"end":{"line":137,"column":22}},"loc":{"start":{"line":137,"column":27},"end":{"line":137,"column":43}},"line":137},"15":{"name":"(anonymous_15)","decl":{"start":{"line":145,"column":21},"end":{"line":145,"column":22}},"loc":{"start":{"line":145,"column":27},"end":{"line":145,"column":48}},"line":145},"16":{"name":"(anonymous_16)","decl":{"start":{"line":161,"column":54},"end":{"line":161,"column":55}},"loc":{"start":{"line":161,"column":59},"end":{"line":161,"column":76}},"line":161},"17":{"name":"(anonymous_17)","decl":{"start":{"line":166,"column":21},"end":{"line":166,"column":22}},"loc":{"start":{"line":166,"column":27},"end":{"line":166,"column":47}},"line":166},"18":{"name":"(anonymous_18)","decl":{"start":{"line":173,"column":21},"end":{"line":173,"column":22}},"loc":{"start":{"line":173,"column":27},"end":{"line":173,"column":46}},"line":173}},"branchMap":{"0":{"loc":{"start":{"line":24,"column":11},"end":{"line":24,"column":38}},"type":"cond-expr","locations":[{"start":{"line":24,"column":15},"end":{"line":24,"column":34}},{"start":{"line":24,"column":37},"end":{"line":24,"column":38}}],"line":24},"1":{"loc":{"start":{"line":40,"column":4},"end":{"line":50,"column":5}},"type":"if","locations":[{"start":{"line":40,"column":4},"end":{"line":50,"column":5}},{"start":{"line":40,"column":4},"end":{"line":50,"column":5}}],"line":40},"2":{"loc":{"start":{"line":55,"column":4},"end":{"line":65,"column":5}},"type":"if","locations":[{"start":{"line":55,"column":4},"end":{"line":65,"column":5}},{"start":{"line":55,"column":4},"end":{"line":65,"column":5}}],"line":55},"3":{"loc":{"start":{"line":71,"column":4},"end":{"line":81,"column":5}},"type":"if","locations":[{"start":{"line":71,"column":4},"end":{"line":81,"column":5}},{"start":{"line":71,"column":4},"end":{"line":81,"column":5}}],"line":71},"4":{"loc":{"start":{"line":85,"column":4},"end":{"line":89,"column":5}},"type":"if","locations":[{"start":{"line":85,"column":4},"end":{"line":89,"column":5}},{"start":{"line":85,"column":4},"end":{"line":89,"column":5}}],"line":85},"5":{"loc":{"start":{"line":93,"column":4},"end":{"line":97,"column":5}},"type":"if","locations":[{"start":{"line":93,"column":4},"end":{"line":97,"column":5}},{"start":{"line":93,"column":4},"end":{"line":97,"column":5}}],"line":93},"6":{"loc":{"start":{"line":106,"column":4},"end":{"line":110,"column":5}},"type":"if","locations":[{"start":{"line":106,"column":4},"end":{"line":110,"column":5}},{"start":{"line":106,"column":4},"end":{"line":110,"column":5}}],"line":106},"7":{"loc":{"start":{"line":112,"column":4},"end":{"line":116,"column":5}},"type":"if","locations":[{"start":{"line":112,"column":4},"end":{"line":116,"column":5}},{"start":{"line":112,"column":4},"end":{"line":116,"column":5}}],"line":112},"8":{"loc":{"start":{"line":147,"column":13},"end":{"line":159,"column":13}},"type":"cond-expr","locations":[{"start":{"line":148,"column":14},"end":{"line":152,"column":16}},{"start":{"line":154,"column":14},"end":{"line":158,"column":16}}],"line":147}},"s":{"0":20,"1":20,"2":20,"3":20,"4":20,"5":20,"6":20,"7":20,"8":20,"9":4,"10":4,"11":4,"12":4,"13":4,"14":0,"15":0,"16":1,"17":1,"18":3,"19":3,"20":3,"21":1,"22":1,"23":2,"24":2,"25":0,"26":0,"27":0,"28":0,"29":0,"30":0,"31":0,"32":0,"33":0,"34":0,"35":0,"36":0,"37":0,"38":0,"39":0,"40":0,"41":0,"42":0,"43":0,"44":0,"45":0,"46":0,"47":0,"48":0,"49":0,"50":0,"51":0,"52":0,"53":0,"54":0,"55":0,"56":0,"57":24,"58":24,"59":1,"60":1,"61":2,"62":3,"63":1,"64":1},"f":{"0":20,"1":4,"2":0,"3":1,"4":3,"5":0,"6":0,"7":0,"8":0,"9":0,"10":0,"11":0,"12":24,"13":1,"14":1,"15":2,"16":3,"17":1,"18":1},"b":{"0":[3,1],"1":[1,2],"2":[0,0],"3":[0,0],"4":[0,0],"5":[0,0],"6":[0,0],"7":[0,0],"8":[3,21]},"_coverageSchema":"332fd63041d2c1bcb487cc26dd0d5f7d97098a6c","hash":"bf7dd0fdceb4a2e919948500d10173b57d7bbb5d"}
}
