TN:
SF:/Users/fiji/tz_videoplayer/src/App.js
FN:15,(anonymous_0)
FNF:1
FNH:1
FNDA:1,(anonymous_0)
DA:13,2
DA:16,1
LF:2
LH:2
BRF:0
BRH:0
end_of_record
TN:
SF:/Users/fiji/tz_videoplayer/src/index.js
FNF:0
FNH:0
DA:6,1
LF:1
LH:1
BRF:0
BRH:0
end_of_record
TN:
SF:/Users/fiji/tz_videoplayer/src/setupTests.js
FNF:0
FNH:0
DA:4,3
LF:1
LH:1
BRF:0
BRH:0
end_of_record
TN:
SF:/Users/fiji/tz_videoplayer/src/videoplayer/Videoplayer.js
FN:7,(anonymous_0)
FN:19,(anonymous_1)
FN:27,(anonymous_2)
FN:32,(anonymous_3)
FN:37,(anonymous_4)
FN:53,(anonymous_5)
FN:62,(anonymous_6)
FN:68,(anonymous_7)
FN:78,(anonymous_8)
FN:84,(anonymous_9)
FN:92,(anonymous_10)
FN:100,(anonymous_11)
FN:126,(anonymous_12)
FN:136,(anonymous_13)
FN:137,(anonymous_14)
FN:145,(anonymous_15)
FN:161,(anonymous_16)
FN:166,(anonymous_17)
FN:173,(anonymous_18)
FNF:19
FNH:11
FNDA:20,(anonymous_0)
FNDA:4,(anonymous_1)
FNDA:0,(anonymous_2)
FNDA:1,(anonymous_3)
FNDA:3,(anonymous_4)
FNDA:0,(anonymous_5)
FNDA:0,(anonymous_6)
FNDA:0,(anonymous_7)
FNDA:0,(anonymous_8)
FNDA:0,(anonymous_9)
FNDA:0,(anonymous_10)
FNDA:0,(anonymous_11)
FNDA:24,(anonymous_12)
FNDA:1,(anonymous_13)
FNDA:1,(anonymous_14)
FNDA:2,(anonymous_15)
FNDA:3,(anonymous_16)
FNDA:1,(anonymous_17)
FNDA:1,(anonymous_18)
DA:8,20
DA:9,20
DA:10,20
DA:11,20
DA:12,20
DA:13,20
DA:14,20
DA:15,20
DA:16,20
DA:20,4
DA:21,4
DA:22,4
DA:23,4
DA:24,4
DA:28,0
DA:29,0
DA:33,1
DA:34,1
DA:38,3
DA:39,3
DA:40,3
DA:41,1
DA:42,1
DA:46,2
DA:47,2
DA:54,0
DA:55,0
DA:56,0
DA:57,0
DA:58,0
DA:60,0
DA:61,0
DA:62,0
DA:69,0
DA:70,0
DA:71,0
DA:72,0
DA:73,0
DA:74,0
DA:76,0
DA:77,0
DA:78,0
DA:85,0
DA:86,0
DA:88,0
DA:93,0
DA:94,0
DA:96,0
DA:101,0
DA:102,0
DA:106,0
DA:107,0
DA:109,0
DA:112,0
DA:113,0
DA:115,0
DA:118,0
DA:127,24
DA:129,24
DA:136,1
DA:137,1
DA:145,2
DA:161,3
DA:166,1
DA:173,1
LF:65
LH:31
BRDA:24,0,0,3
BRDA:24,0,1,1
BRDA:40,1,0,1
BRDA:40,1,1,2
BRDA:55,2,0,0
BRDA:55,2,1,0
BRDA:71,3,0,0
BRDA:71,3,1,0
BRDA:85,4,0,0
BRDA:85,4,1,0
BRDA:93,5,0,0
BRDA:93,5,1,0
BRDA:106,6,0,0
BRDA:106,6,1,0
BRDA:112,7,0,0
BRDA:112,7,1,0
BRDA:147,8,0,3
BRDA:147,8,1,21
BRF:18
BRH:6
end_of_record
