TN:
SF:/Users/fiji/tz_videoplayer/src/App.js
FN:15,(anonymous_0)
FNF:1
FNH:1
FNDA:1,(anonymous_0)
DA:13,2
DA:16,1
LF:2
LH:2
BRF:0
BRH:0
end_of_record
TN:
SF:/Users/fiji/tz_videoplayer/src/index.js
FNF:0
FNH:0
DA:6,1
LF:1
LH:1
BRF:0
BRH:0
end_of_record
TN:
SF:/Users/fiji/tz_videoplayer/src/setupTests.js
FNF:0
FNH:0
DA:4,3
LF:1
LH:1
BRF:0
BRH:0
end_of_record
TN:
SF:/Users/fiji/tz_videoplayer/src/videoplayer/Videoplayer.js
FN:7,(anonymous_0)
FN:16,(anonymous_1)
FN:24,(anonymous_2)
FN:29,(anonymous_3)
FN:34,(anonymous_4)
FN:50,(anonymous_5)
FN:55,(anonymous_6)
FN:60,(anonymous_7)
FN:65,(anonymous_8)
FN:70,(anonymous_9)
FN:78,(anonymous_10)
FN:86,(anonymous_11)
FN:112,(anonymous_12)
FN:122,(anonymous_13)
FN:123,(anonymous_14)
FN:131,(anonymous_15)
FN:147,(anonymous_16)
FN:152,(anonymous_17)
FN:159,(anonymous_18)
FNF:19
FNH:17
FNDA:33,(anonymous_0)
FNDA:4,(anonymous_1)
FNDA:1,(anonymous_2)
FNDA:4,(anonymous_3)
FNDA:2,(anonymous_4)
FNDA:1,(anonymous_5)
FNDA:0,(anonymous_6)
FNDA:1,(anonymous_7)
FNDA:0,(anonymous_8)
FNDA:2,(anonymous_9)
FNDA:2,(anonymous_10)
FNDA:4,(anonymous_11)
FNDA:44,(anonymous_12)
FNDA:3,(anonymous_13)
FNDA:1,(anonymous_14)
FNDA:3,(anonymous_15)
FNDA:3,(anonymous_16)
FNDA:2,(anonymous_17)
FNDA:2,(anonymous_18)
DA:8,33
DA:9,33
DA:10,33
DA:11,33
DA:12,33
DA:13,33
DA:17,4
DA:18,4
DA:19,4
DA:20,4
DA:21,4
DA:25,1
DA:26,1
DA:30,4
DA:31,4
DA:35,2
DA:36,2
DA:37,2
DA:38,1
DA:39,1
DA:43,1
DA:44,1
DA:51,1
DA:52,1
DA:53,1
DA:54,1
DA:55,0
DA:61,1
DA:62,1
DA:63,1
DA:64,1
DA:65,0
DA:71,2
DA:72,1
DA:74,1
DA:79,2
DA:80,1
DA:82,1
DA:87,4
DA:88,4
DA:92,4
DA:93,4
DA:95,0
DA:98,4
DA:99,2
DA:101,2
DA:104,4
DA:113,44
DA:115,44
DA:122,3
DA:123,1
DA:131,3
DA:147,3
DA:152,2
DA:159,2
LF:55
LH:52
BRDA:21,0,0,3
BRDA:21,0,1,1
BRDA:37,1,0,1
BRDA:37,1,1,1
BRDA:71,2,0,1
BRDA:71,2,1,1
BRDA:79,3,0,1
BRDA:79,3,1,1
BRDA:92,4,0,4
BRDA:92,4,1,0
BRDA:98,5,0,2
BRDA:98,5,1,2
BRDA:133,6,0,5
BRDA:133,6,1,39
BRF:14
BRH:13
end_of_record
